This is pdfTeX, Version 3.14159265-2.6-1.40.16 (TeX Live 2015) (preloaded format=latex 2015.5.24)  4 NOV 2017 14:04
entering extended mode
 restricted \write18 enabled.
 %&-line parsing enabled.
**references
(/usr/local/texlive/2015/texmf-dist/tex/latex/tools/q.tex
! Interruption.
<to be read again> 
                   \begingroup 
l.1 
    %%
? q
OK, entering \batchmode...
LaTeX2e <2015/01/01>
Babel <3.9l> and hyphenation patterns for 79 languages loaded.
 File ignored
)
! Emergency stop.
<*> references
              
*** (job aborted, no legal \end found)

 
Here is how much of TeX's memory you used:
 8 strings out of 493090
 270 string characters out of 6134868
 53196 words of memory out of 5000000
 3590 multiletter control sequences out of 15000+600000
 3640 words of font info for 14 fonts, out of 8000000 for 9000
 1141 hyphenation exceptions out of 8191
 5i,0n,1p,90b,8s stack positions out of 5000i,500n,10000p,200000b,80000s
No pages of output.
